# JRE version: OpenJDK Runtime Environment (21.0.1+12) (build 21.0.1+12-29)
# Java VM: OpenJDK 64-Bit Server VM (21.0.1+12-29, mixed mode, sharing, tiered, compressed oops, compressed class ptrs, g1 gc, bsd-aarch64)
Heap:
 garbage-first heap   total 296960K, used 86697K [0x0000000780000000, 0x0000000800000000)
  region size 1024K, 8 young (8192K), 4 survivors (4096K)
 Metaspace       used 86296K, committed 86976K, reserved 1179648K
  class space    used 11514K, committed 11840K, reserved 1048576K
GC Heap History (20 events):
Event: 20.884 GC heap before
{Heap before GC invocations=18 (full 0):
 garbage-first heap   total 72704K, used 70845K [0x0000000780000000, 0x0000000800000000)
  region size 1024K, 22 young (22528K), 4 survivors (4096K)
 Metaspace       used 83287K, committed 83840K, reserved 1179648K
  class space    used 11331K, committed 11584K, reserved 1048576K
}
Event: 20.886 GC heap after
{Heap after GC invocations=19 (full 0):
 garbage-first heap   total 80896K, used 51394K [0x0000000780000000, 0x0000000800000000)
  region size 1024K, 3 young (3072K), 3 survivors (3072K)
 Metaspace       used 83287K, committed 83840K, reserved 1179648K
  class space    used 11331K, committed 11584K, reserved 1048576K
}
Event: 20.933 GC heap before
{Heap before GC invocations=19 (full 0):
 garbage-first heap   total 80896K, used 68802K [0x0000000780000000, 0x0000000800000000)
  region size 1024K, 21 young (21504K), 3 survivors (3072K)
 Metaspace       used 83287K, committed 83840K, reserved 1179648K
  class space    used 11331K, committed 11584K, reserved 1048576K
}
Event: 20.934 GC heap after
{Heap after GC invocations=20 (full 0):
 garbage-first heap   total 80896K, used 50522K [0x0000000780000000, 0x0000000800000000)
  region size 1024K, 2 young (2048K), 2 survivors (2048K)
 Metaspace       used 83287K, committed 83840K, reserved 1179648K
  class space    used 11331K, committed 11584K, reserved 1048576K
}
Event: 21.161 GC heap before
{Heap before GC invocations=21 (full 0):
 garbage-first heap   total 99328K, used 77146K [0x0000000780000000, 0x0000000800000000)
  region size 1024K, 22 young (22528K), 2 survivors (2048K)
 Metaspace       used 83709K, committed 84288K, reserved 1179648K
  class space    used 11331K, committed 11584K, reserved 1048576K
}
Event: 21.162 GC heap after
{Heap after GC invocations=22 (full 0):
 garbage-first heap   total 99328K, used 47529K [0x0000000780000000, 0x0000000800000000)
  region size 1024K, 2 young (2048K), 2 survivors (2048K)
 Metaspace       used 83709K, committed 84288K, reserved 1179648K
  class space    used 11331K, committed 11584K, reserved 1048576K
}
Event: 21.277 GC heap before
{Heap before GC invocations=22 (full 0):
 garbage-first heap   total 99328K, used 87465K [0x0000000780000000, 0x0000000800000000)
  region size 1024K, 41 young (41984K), 2 survivors (2048K)
 Metaspace       used 83777K, committed 84416K, reserved 1179648K
  class space    used 11333K, committed 11584K, reserved 1048576K
}
Event: 21.279 GC heap after
{Heap after GC invocations=23 (full 0):
 garbage-first heap   total 99328K, used 47462K [0x0000000780000000, 0x0000000800000000)
  region size 1024K, 2 young (2048K), 2 survivors (2048K)
 Metaspace       used 83777K, committed 84416K, reserved 1179648K
  class space    used 11333K, committed 11584K, reserved 1048576K
}
Event: 21.370 GC heap before
{Heap before GC invocations=23 (full 0):
 garbage-first heap   total 99328K, used 90470K [0x0000000780000000, 0x0000000800000000)
  region size 1024K, 44 young (45056K), 2 survivors (2048K)
 Metaspace       used 83872K, committed 84480K, reserved 1179648K
  class space    used 11333K, committed 11584K, reserved 1048576K
}
Event: 21.371 GC heap after
{Heap after GC invocations=24 (full 0):
 garbage-first heap   total 99328K, used 47232K [0x0000000780000000, 0x0000000800000000)
  region size 1024K, 2 young (2048K), 2 survivors (2048K)
 Metaspace       used 83872K, committed 84480K, reserved 1179648K
  class space    used 11333K, committed 11584K, reserved 1048576K
}
Event: 21.455 GC heap before
{Heap before GC invocations=24 (full 0):
 garbage-first heap   total 99328K, used 90240K [0x0000000780000000, 0x0000000800000000)
  region size 1024K, 44 young (45056K), 2 survivors (2048K)
 Metaspace       used 83964K, committed 84544K, reserved 1179648K
  class space    used 11333K, committed 11584K, reserved 1048576K
}
Event: 21.457 GC heap after
{Heap after GC invocations=25 (full 0):
 garbage-first heap   total 99328K, used 47808K [0x0000000780000000, 0x0000000800000000)
  region size 1024K, 3 young (3072K), 3 survivors (3072K)
 Metaspace       used 83964K, committed 84544K, reserved 1179648K
  class space    used 11333K, committed 11584K, reserved 1048576K
}
Event: 21.691 GC heap before
{Heap before GC invocations=25 (full 0):
 garbage-first heap   total 99328K, used 88768K [0x0000000780000000, 0x0000000800000000)
  region size 1024K, 43 young (44032K), 3 survivors (3072K)
 Metaspace       used 85276K, committed 85888K, reserved 1179648K
  class space    used 11478K, committed 11712K, reserved 1048576K
}
Event: 21.694 GC heap after
{Heap after GC invocations=26 (full 0):
 garbage-first heap   total 119808K, used 49031K [0x0000000780000000, 0x0000000800000000)
  region size 1024K, 4 young (4096K), 4 survivors (4096K)
 Metaspace       used 85276K, committed 85888K, reserved 1179648K
  class space    used 11478K, committed 11712K, reserved 1048576K
}
Event: 25.368 GC heap before
{Heap before GC invocations=27 (full 0):
 garbage-first heap   total 119808K, used 117639K [0x0000000780000000, 0x0000000800000000)
  region size 1024K, 31 young (31744K), 4 survivors (4096K)
 Metaspace       used 86030K, committed 86656K, reserved 1179648K
  class space    used 11502K, committed 11776K, reserved 1048576K
}
Event: 25.371 GC heap after
{Heap after GC invocations=28 (full 0):
 garbage-first heap   total 131072K, used 92328K [0x0000000780000000, 0x0000000800000000)
  region size 1024K, 8 young (8192K), 8 survivors (8192K)
 Metaspace       used 86030K, committed 86656K, reserved 1179648K
  class space    used 11502K, committed 11776K, reserved 1048576K
}
Event: 27.275 GC heap before
{Heap before GC invocations=28 (full 0):
 garbage-first heap   total 286720K, used 284840K [0x0000000780000000, 0x0000000800000000)
  region size 1024K, 22 young (22528K), 8 survivors (8192K)
 Metaspace       used 86201K, committed 86848K, reserved 1179648K
  class space    used 11502K, committed 11776K, reserved 1048576K
}
Event: 27.279 GC heap after
{Heap after GC invocations=29 (full 0):
 garbage-first heap   total 296960K, used 234889K [0x0000000780000000, 0x0000000800000000)
  region size 1024K, 3 young (3072K), 3 survivors (3072K)
 Metaspace       used 86201K, committed 86848K, reserved 1179648K
  class space    used 11502K, committed 11776K, reserved 1048576K
}
Event: 27.295 GC heap before
{Heap before GC invocations=29 (full 0):
 garbage-first heap   total 296960K, used 242057K [0x0000000780000000, 0x0000000800000000)
  region size 1024K, 4 young (4096K), 3 survivors (3072K)
 Metaspace       used 86201K, committed 86848K, reserved 1179648K
  class space    used 11502K, committed 11776K, reserved 1048576K
}
Event: 27.296 GC heap after
{Heap after GC invocations=30 (full 0):
 garbage-first heap   total 296960K, used 63655K [0x0000000780000000, 0x0000000800000000)
  region size 1024K, 4 young (4096K), 4 survivors (4096K)
 Metaspace       used 86201K, committed 86848K, reserved 1179648K
  class space    used 11502K, committed 11776K, reserved 1048576K
}

