# JRE version: OpenJDK Runtime Environment (21.0.1+12) (build 21.0.1+12-29)
# Java VM: OpenJDK 64-Bit Server VM (21.0.1+12-29, mixed mode, sharing, tiered, compressed oops, compressed class ptrs, g1 gc, bsd-aarch64)
Heap:
 garbage-first heap   total 107520K, used 100807K [0x0000000780000000, 0x0000000800000000)
  region size 1024K, 13 young (13312K), 4 survivors (4096K)
 Metaspace       used 85675K, committed 86400K, reserved 1179648K
  class space    used 11504K, committed 11840K, reserved 1048576K
GC Heap History (20 events):
Event: 23.342 GC heap before
{Heap before GC invocations=13 (full 0):
 garbage-first heap   total 88064K, used 74550K [0x0000000780000000, 0x0000000800000000)
  region size 1024K, 49 young (50176K), 5 survivors (5120K)
 Metaspace       used 72922K, committed 73408K, reserved 1114112K
  class space    used 10163K, committed 10368K, reserved 1048576K
}
Event: 23.347 GC heap after
{Heap after GC invocations=14 (full 0):
 garbage-first heap   total 89088K, used 37006K [0x0000000780000000, 0x0000000800000000)
  region size 1024K, 7 young (7168K), 7 survivors (7168K)
 Metaspace       used 72922K, committed 73408K, reserved 1114112K
  class space    used 10163K, committed 10368K, reserved 1048576K
}
Event: 24.383 GC heap before
{Heap before GC invocations=14 (full 0):
 garbage-first heap   total 89088K, used 75918K [0x0000000780000000, 0x0000000800000000)
  region size 1024K, 45 young (46080K), 7 survivors (7168K)
 Metaspace       used 79298K, committed 79936K, reserved 1179648K
  class space    used 10935K, committed 11200K, reserved 1048576K
}
Event: 24.387 GC heap after
{Heap after GC invocations=15 (full 0):
 garbage-first heap   total 89088K, used 40266K [0x0000000780000000, 0x0000000800000000)
  region size 1024K, 4 young (4096K), 4 survivors (4096K)
 Metaspace       used 79298K, committed 79936K, reserved 1179648K
  class space    used 10935K, committed 11200K, reserved 1048576K
}
Event: 24.693 GC heap before
{Heap before GC invocations=15 (full 0):
 garbage-first heap   total 89088K, used 66890K [0x0000000780000000, 0x0000000800000000)
  region size 1024K, 28 young (28672K), 4 survivors (4096K)
 Metaspace       used 83324K, committed 83904K, reserved 1179648K
  class space    used 11330K, committed 11584K, reserved 1048576K
}
Event: 24.696 GC heap after
{Heap after GC invocations=16 (full 0):
 garbage-first heap   total 89088K, used 44968K [0x0000000780000000, 0x0000000800000000)
  region size 1024K, 4 young (4096K), 4 survivors (4096K)
 Metaspace       used 83324K, committed 83904K, reserved 1179648K
  class space    used 11330K, committed 11584K, reserved 1048576K
}
Event: 24.713 GC heap before
{Heap before GC invocations=16 (full 0):
 garbage-first heap   total 89088K, used 48040K [0x0000000780000000, 0x0000000800000000)
  region size 1024K, 5 young (5120K), 4 survivors (4096K)
 Metaspace       used 83325K, committed 83904K, reserved 1179648K
  class space    used 11330K, committed 11584K, reserved 1048576K
}
Event: 24.715 GC heap after
{Heap after GC invocations=17 (full 0):
 garbage-first heap   total 89088K, used 47952K [0x0000000780000000, 0x0000000800000000)
  region size 1024K, 1 young (1024K), 1 survivors (1024K)
 Metaspace       used 83325K, committed 83904K, reserved 1179648K
  class space    used 11330K, committed 11584K, reserved 1048576K
}
Event: 24.778 GC heap before
{Heap before GC invocations=18 (full 0):
 garbage-first heap   total 101376K, used 83792K [0x0000000780000000, 0x0000000800000000)
  region size 1024K, 32 young (32768K), 1 survivors (1024K)
 Metaspace       used 83325K, committed 83904K, reserved 1179648K
  class space    used 11330K, committed 11584K, reserved 1048576K
}
Event: 24.778 GC heap after
{Heap after GC invocations=19 (full 0):
 garbage-first heap   total 101376K, used 51993K [0x0000000780000000, 0x0000000800000000)
  region size 1024K, 1 young (1024K), 1 survivors (1024K)
 Metaspace       used 83325K, committed 83904K, reserved 1179648K
  class space    used 11330K, committed 11584K, reserved 1048576K
}
Event: 25.044 GC heap before
{Heap before GC invocations=19 (full 0):
 garbage-first heap   total 101376K, used 98073K [0x0000000780000000, 0x0000000800000000)
  region size 1024K, 40 young (40960K), 1 survivors (1024K)
 Metaspace       used 83748K, committed 84352K, reserved 1179648K
  class space    used 11332K, committed 11584K, reserved 1048576K
}
Event: 25.045 GC heap after
{Heap after GC invocations=20 (full 0):
 garbage-first heap   total 101376K, used 51325K [0x0000000780000000, 0x0000000800000000)
  region size 1024K, 1 young (1024K), 1 survivors (1024K)
 Metaspace       used 83748K, committed 84352K, reserved 1179648K
  class space    used 11332K, committed 11584K, reserved 1048576K
}
Event: 25.168 GC heap before
{Heap before GC invocations=20 (full 0):
 garbage-first heap   total 101376K, used 93309K [0x0000000780000000, 0x0000000800000000)
  region size 1024K, 42 young (43008K), 1 survivors (1024K)
 Metaspace       used 83820K, committed 84416K, reserved 1179648K
  class space    used 11332K, committed 11584K, reserved 1048576K
}
Event: 25.169 GC heap after
{Heap after GC invocations=21 (full 0):
 garbage-first heap   total 101376K, used 51506K [0x0000000780000000, 0x0000000800000000)
  region size 1024K, 1 young (1024K), 1 survivors (1024K)
 Metaspace       used 83820K, committed 84416K, reserved 1179648K
  class space    used 11332K, committed 11584K, reserved 1048576K
}
Event: 25.262 GC heap before
{Heap before GC invocations=22 (full 0):
 garbage-first heap   total 101376K, used 90418K [0x0000000780000000, 0x0000000800000000)
  region size 1024K, 42 young (43008K), 1 survivors (1024K)
 Metaspace       used 83888K, committed 84480K, reserved 1179648K
  class space    used 11332K, committed 11584K, reserved 1048576K
}
Event: 25.263 GC heap after
{Heap after GC invocations=23 (full 0):
 garbage-first heap   total 101376K, used 48612K [0x0000000780000000, 0x0000000800000000)
  region size 1024K, 1 young (1024K), 1 survivors (1024K)
 Metaspace       used 83888K, committed 84480K, reserved 1179648K
  class space    used 11332K, committed 11584K, reserved 1048576K
}
Event: 25.347 GC heap before
{Heap before GC invocations=23 (full 0):
 garbage-first heap   total 101376K, used 93668K [0x0000000780000000, 0x0000000800000000)
  region size 1024K, 45 young (46080K), 1 survivors (1024K)
 Metaspace       used 83913K, committed 84480K, reserved 1179648K
  class space    used 11332K, committed 11584K, reserved 1048576K
}
Event: 25.349 GC heap after
{Heap after GC invocations=24 (full 0):
 garbage-first heap   total 101376K, used 48228K [0x0000000780000000, 0x0000000800000000)
  region size 1024K, 1 young (1024K), 1 survivors (1024K)
 Metaspace       used 83913K, committed 84480K, reserved 1179648K
  class space    used 11332K, committed 11584K, reserved 1048576K
}
Event: 25.574 GC heap before
{Heap before GC invocations=24 (full 0):
 garbage-first heap   total 101376K, used 67684K [0x0000000780000000, 0x0000000800000000)
  region size 1024K, 22 young (22528K), 1 survivors (1024K)
 Metaspace       used 85384K, committed 85952K, reserved 1179648K
  class space    used 11481K, committed 11712K, reserved 1048576K
}
Event: 25.575 GC heap after
{Heap after GC invocations=25 (full 0):
 garbage-first heap   total 101376K, used 50659K [0x0000000780000000, 0x0000000800000000)
  region size 1024K, 4 young (4096K), 4 survivors (4096K)
 Metaspace       used 85384K, committed 85952K, reserved 1179648K
  class space    used 11481K, committed 11712K, reserved 1048576K
}

