# JRE version: OpenJDK Runtime Environment (21.0.1+12) (build 21.0.1+12-29)
# Java VM: OpenJDK 64-Bit Server VM (21.0.1+12-29, mixed mode, sharing, tiered, compressed oops, compressed class ptrs, g1 gc, bsd-aarch64)
Heap:
 garbage-first heap   total 325632K, used 309136K [0x0000000780000000, 0x0000000800000000)
  region size 1024K, 20 young (20480K), 12 survivors (12288K)
 Metaspace       used 86536K, committed 87168K, reserved 1179648K
  class space    used 11528K, committed 11840K, reserved 1048576K
GC Heap History (20 events):
Event: 18.172 GC heap before
{Heap before GC invocations=12 (full 0):
 garbage-first heap   total 75776K, used 65727K [0x0000000780000000, 0x0000000800000000)
  region size 1024K, 43 young (44032K), 5 survivors (5120K)
 Metaspace       used 64438K, committed 64960K, reserved 1114112K
  class space    used 9194K, committed 9408K, reserved 1048576K
}
Event: 18.175 GC heap after
{Heap after GC invocations=13 (full 0):
 garbage-first heap   total 148480K, used 30553K [0x0000000780000000, 0x0000000800000000)
  region size 1024K, 6 young (6144K), 6 survivors (6144K)
 Metaspace       used 64438K, committed 64960K, reserved 1114112K
  class space    used 9194K, committed 9408K, reserved 1048576K
}
Event: 21.150 GC heap before
{Heap before GC invocations=13 (full 0):
 garbage-first heap   total 148480K, used 113497K [0x0000000780000000, 0x0000000800000000)
  region size 1024K, 87 young (89088K), 6 survivors (6144K)
 Metaspace       used 78484K, committed 79104K, reserved 1179648K
  class space    used 10841K, committed 11136K, reserved 1048576K
}
Event: 21.155 GC heap after
{Heap after GC invocations=14 (full 0):
 garbage-first heap   total 148480K, used 38827K [0x0000000780000000, 0x0000000800000000)
  region size 1024K, 11 young (11264K), 11 survivors (11264K)
 Metaspace       used 78484K, committed 79104K, reserved 1179648K
  class space    used 10841K, committed 11136K, reserved 1048576K
}
Event: 21.547 GC heap before
{Heap before GC invocations=14 (full 0):
 garbage-first heap   total 148480K, used 135083K [0x0000000780000000, 0x0000000800000000)
  region size 1024K, 87 young (89088K), 11 survivors (11264K)
 Metaspace       used 83885K, committed 84544K, reserved 1179648K
  class space    used 11347K, committed 11648K, reserved 1048576K
}
Event: 21.553 GC heap after
{Heap after GC invocations=15 (full 0):
 garbage-first heap   total 153600K, used 50984K [0x0000000780000000, 0x0000000800000000)
  region size 1024K, 5 young (5120K), 5 survivors (5120K)
 Metaspace       used 83885K, committed 84544K, reserved 1179648K
  class space    used 11347K, committed 11648K, reserved 1048576K
}
Event: 21.679 GC heap before
{Heap before GC invocations=15 (full 0):
 garbage-first heap   total 153600K, used 128808K [0x0000000780000000, 0x0000000800000000)
  region size 1024K, 81 young (82944K), 5 survivors (5120K)
 Metaspace       used 84013K, committed 84608K, reserved 1179648K
  class space    used 11348K, committed 11648K, reserved 1048576K
}
Event: 21.682 GC heap after
{Heap after GC invocations=16 (full 0):
 garbage-first heap   total 153600K, used 51180K [0x0000000780000000, 0x0000000800000000)
  region size 1024K, 5 young (5120K), 5 survivors (5120K)
 Metaspace       used 84013K, committed 84608K, reserved 1179648K
  class space    used 11348K, committed 11648K, reserved 1048576K
}
Event: 21.775 GC heap before
{Heap before GC invocations=16 (full 0):
 garbage-first heap   total 153600K, used 134124K [0x0000000780000000, 0x0000000800000000)
  region size 1024K, 86 young (88064K), 5 survivors (5120K)
 Metaspace       used 84129K, committed 84736K, reserved 1179648K
  class space    used 11348K, committed 11648K, reserved 1048576K
}
Event: 21.777 GC heap after
{Heap after GC invocations=17 (full 0):
 garbage-first heap   total 153600K, used 51234K [0x0000000780000000, 0x0000000800000000)
  region size 1024K, 5 young (5120K), 5 survivors (5120K)
 Metaspace       used 84129K, committed 84736K, reserved 1179648K
  class space    used 11348K, committed 11648K, reserved 1048576K
}
Event: 21.966 GC heap before
{Heap before GC invocations=17 (full 0):
 garbage-first heap   total 153600K, used 58402K [0x0000000780000000, 0x0000000800000000)
  region size 1024K, 14 young (14336K), 5 survivors (5120K)
 Metaspace       used 85596K, committed 86208K, reserved 1179648K
  class space    used 11503K, committed 11776K, reserved 1048576K
}
Event: 21.968 GC heap after
{Heap after GC invocations=18 (full 0):
 garbage-first heap   total 153600K, used 45530K [0x0000000780000000, 0x0000000800000000)
  region size 1024K, 6 young (6144K), 6 survivors (6144K)
 Metaspace       used 85596K, committed 86208K, reserved 1179648K
  class space    used 11503K, committed 11776K, reserved 1048576K
}
Event: 22.006 GC heap before
{Heap before GC invocations=18 (full 0):
 garbage-first heap   total 153600K, used 52698K [0x0000000780000000, 0x0000000800000000)
  region size 1024K, 10 young (10240K), 6 survivors (6144K)
 Metaspace       used 85642K, committed 86272K, reserved 1179648K
  class space    used 11506K, committed 11776K, reserved 1048576K
}
Event: 22.008 GC heap after
{Heap after GC invocations=19 (full 0):
 garbage-first heap   total 184320K, used 50259K [0x0000000780000000, 0x0000000800000000)
  region size 1024K, 7 young (7168K), 7 survivors (7168K)
 Metaspace       used 85642K, committed 86272K, reserved 1179648K
  class space    used 11506K, committed 11776K, reserved 1048576K
}
Event: 22.015 GC heap before
{Heap before GC invocations=19 (full 0):
 garbage-first heap   total 184320K, used 53331K [0x0000000780000000, 0x0000000800000000)
  region size 1024K, 8 young (8192K), 7 survivors (7168K)
 Metaspace       used 85653K, committed 86272K, reserved 1179648K
  class space    used 11507K, committed 11776K, reserved 1048576K
}
Event: 22.018 GC heap after
{Heap after GC invocations=20 (full 0):
 garbage-first heap   total 184320K, used 50427K [0x0000000780000000, 0x0000000800000000)
  region size 1024K, 7 young (7168K), 7 survivors (7168K)
 Metaspace       used 85653K, committed 86272K, reserved 1179648K
  class space    used 11507K, committed 11776K, reserved 1048576K
}
Event: 22.064 GC heap before
{Heap before GC invocations=20 (full 0):
 garbage-first heap   total 184320K, used 56571K [0x0000000780000000, 0x0000000800000000)
  region size 1024K, 9 young (9216K), 7 survivors (7168K)
 Metaspace       used 85677K, committed 86272K, reserved 1179648K
  class space    used 11507K, committed 11776K, reserved 1048576K
}
Event: 22.067 GC heap after
{Heap after GC invocations=21 (full 0):
 garbage-first heap   total 184320K, used 56870K [0x0000000780000000, 0x0000000800000000)
  region size 1024K, 7 young (7168K), 7 survivors (7168K)
 Metaspace       used 85677K, committed 86272K, reserved 1179648K
  class space    used 11507K, committed 11776K, reserved 1048576K
}
Event: 37.961 GC heap before
{Heap before GC invocations=22 (full 0):
 garbage-first heap   total 313344K, used 311846K [0x0000000780000000, 0x0000000800000000)
  region size 1024K, 49 young (50176K), 7 survivors (7168K)
 Metaspace       used 86444K, committed 87104K, reserved 1179648K
  class space    used 11522K, committed 11840K, reserved 1048576K
}
Event: 37.964 GC heap after
{Heap after GC invocations=23 (full 0):
 garbage-first heap   total 325632K, used 268174K [0x0000000780000000, 0x0000000800000000)
  region size 1024K, 12 young (12288K), 12 survivors (12288K)
 Metaspace       used 86444K, committed 87104K, reserved 1179648K
  class space    used 11522K, committed 11840K, reserved 1048576K
}

