# JRE version: OpenJDK Runtime Environment (21.0.1+12) (build 21.0.1+12-29)
# Java VM: OpenJDK 64-Bit Server VM (21.0.1+12-29, mixed mode, sharing, tiered, compressed oops, compressed class ptrs, g1 gc, bsd-aarch64)
Heap:
 garbage-first heap   total 218112K, used 182566K [0x0000000780000000, 0x0000000800000000)
  region size 1024K, 6 young (6144K), 3 survivors (3072K)
 Metaspace       used 86227K, committed 86912K, reserved 1179648K
  class space    used 11512K, committed 11840K, reserved 1048576K
GC Heap History (20 events):
Event: 22.282 GC heap before
{Heap before GC invocations=18 (full 0):
 garbage-first heap   total 96256K, used 86111K [0x0000000780000000, 0x0000000800000000)
  region size 1024K, 30 young (30720K), 3 survivors (3072K)
 Metaspace       used 83618K, committed 84160K, reserved 1179648K
  class space    used 11330K, committed 11584K, reserved 1048576K
}
Event: 22.284 GC heap after
{Heap after GC invocations=19 (full 0):
 garbage-first heap   total 96256K, used 48246K [0x0000000780000000, 0x0000000800000000)
  region size 1024K, 3 young (3072K), 3 survivors (3072K)
 Metaspace       used 83618K, committed 84160K, reserved 1179648K
  class space    used 11330K, committed 11584K, reserved 1048576K
}
Event: 22.386 GC heap before
{Heap before GC invocations=19 (full 0):
 garbage-first heap   total 96256K, used 84086K [0x0000000780000000, 0x0000000800000000)
  region size 1024K, 38 young (38912K), 3 survivors (3072K)
 Metaspace       used 83634K, committed 84224K, reserved 1179648K
  class space    used 11331K, committed 11584K, reserved 1048576K
}
Event: 22.387 GC heap after
{Heap after GC invocations=20 (full 0):
 garbage-first heap   total 96256K, used 48283K [0x0000000780000000, 0x0000000800000000)
  region size 1024K, 3 young (3072K), 3 survivors (3072K)
 Metaspace       used 83634K, committed 84224K, reserved 1179648K
  class space    used 11331K, committed 11584K, reserved 1048576K
}
Event: 22.472 GC heap before
{Heap before GC invocations=21 (full 0):
 garbage-first heap   total 96256K, used 85147K [0x0000000780000000, 0x0000000800000000)
  region size 1024K, 39 young (39936K), 3 survivors (3072K)
 Metaspace       used 83731K, committed 84288K, reserved 1179648K
  class space    used 11331K, committed 11584K, reserved 1048576K
}
Event: 22.474 GC heap after
{Heap after GC invocations=22 (full 0):
 garbage-first heap   total 96256K, used 48535K [0x0000000780000000, 0x0000000800000000)
  region size 1024K, 3 young (3072K), 3 survivors (3072K)
 Metaspace       used 83731K, committed 84288K, reserved 1179648K
  class space    used 11331K, committed 11584K, reserved 1048576K
}
Event: 22.549 GC heap before
{Heap before GC invocations=22 (full 0):
 garbage-first heap   total 96256K, used 86423K [0x0000000780000000, 0x0000000800000000)
  region size 1024K, 40 young (40960K), 3 survivors (3072K)
 Metaspace       used 83787K, committed 84352K, reserved 1179648K
  class space    used 11331K, committed 11584K, reserved 1048576K
}
Event: 22.551 GC heap after
{Heap after GC invocations=23 (full 0):
 garbage-first heap   total 96256K, used 48132K [0x0000000780000000, 0x0000000800000000)
  region size 1024K, 3 young (3072K), 3 survivors (3072K)
 Metaspace       used 83787K, committed 84352K, reserved 1179648K
  class space    used 11331K, committed 11584K, reserved 1048576K
}
Event: 22.620 GC heap before
{Heap before GC invocations=23 (full 0):
 garbage-first heap   total 96256K, used 86020K [0x0000000780000000, 0x0000000800000000)
  region size 1024K, 40 young (40960K), 3 survivors (3072K)
 Metaspace       used 83798K, committed 84352K, reserved 1179648K
  class space    used 11331K, committed 11584K, reserved 1048576K
}
Event: 22.621 GC heap after
{Heap after GC invocations=24 (full 0):
 garbage-first heap   total 96256K, used 48062K [0x0000000780000000, 0x0000000800000000)
  region size 1024K, 2 young (2048K), 2 survivors (2048K)
 Metaspace       used 83798K, committed 84352K, reserved 1179648K
  class space    used 11331K, committed 11584K, reserved 1048576K
}
Event: 23.051 GC heap before
{Heap before GC invocations=25 (full 0):
 garbage-first heap   total 103424K, used 101310K [0x0000000780000000, 0x0000000800000000)
  region size 1024K, 21 young (21504K), 2 survivors (2048K)
 Metaspace       used 85367K, committed 85952K, reserved 1179648K
  class space    used 11485K, committed 11712K, reserved 1048576K
}
Event: 23.053 GC heap after
{Heap after GC invocations=26 (full 0):
 garbage-first heap   total 108544K, used 86512K [0x0000000780000000, 0x0000000800000000)
  region size 1024K, 5 young (5120K), 5 survivors (5120K)
 Metaspace       used 85367K, committed 85952K, reserved 1179648K
  class space    used 11485K, committed 11712K, reserved 1048576K
}
Event: 24.979 GC heap before
{Heap before GC invocations=26 (full 0):
 garbage-first heap   total 108544K, used 102896K [0x0000000780000000, 0x0000000800000000)
  region size 1024K, 15 young (15360K), 5 survivors (5120K)
 Metaspace       used 85696K, committed 86272K, reserved 1179648K
  class space    used 11496K, committed 11776K, reserved 1048576K
}
Event: 24.982 GC heap after
{Heap after GC invocations=27 (full 0):
 garbage-first heap   total 115712K, used 96653K [0x0000000780000000, 0x0000000800000000)
  region size 1024K, 2 young (2048K), 2 survivors (2048K)
 Metaspace       used 85696K, committed 86272K, reserved 1179648K
  class space    used 11496K, committed 11776K, reserved 1048576K
}
Event: 25.950 GC heap before
{Heap before GC invocations=27 (full 0):
 garbage-first heap   total 115712K, used 98701K [0x0000000780000000, 0x0000000800000000)
  region size 1024K, 6 young (6144K), 2 survivors (2048K)
 Metaspace       used 85756K, committed 86336K, reserved 1179648K
  class space    used 11496K, committed 11776K, reserved 1048576K
}
Event: 25.952 GC heap after
{Heap after GC invocations=28 (full 0):
 garbage-first heap   total 115712K, used 91255K [0x0000000780000000, 0x0000000800000000)
  region size 1024K, 2 young (2048K), 2 survivors (2048K)
 Metaspace       used 85756K, committed 86336K, reserved 1179648K
  class space    used 11496K, committed 11776K, reserved 1048576K
}
Event: 26.946 GC heap before
{Heap before GC invocations=29 (full 0):
 garbage-first heap   total 115712K, used 86135K [0x0000000780000000, 0x0000000800000000)
  region size 1024K, 14 young (14336K), 2 survivors (2048K)
 Metaspace       used 85996K, committed 86592K, reserved 1179648K
  class space    used 11499K, committed 11776K, reserved 1048576K
}
Event: 26.947 GC heap after
{Heap after GC invocations=30 (full 0):
 garbage-first heap   total 115712K, used 79731K [0x0000000780000000, 0x0000000800000000)
  region size 1024K, 2 young (2048K), 2 survivors (2048K)
 Metaspace       used 85996K, committed 86592K, reserved 1179648K
  class space    used 11499K, committed 11776K, reserved 1048576K
}
Event: 28.497 GC heap before
{Heap before GC invocations=30 (full 0):
 garbage-first heap   total 208896K, used 207731K [0x0000000780000000, 0x0000000800000000)
  region size 1024K, 14 young (14336K), 2 survivors (2048K)
 Metaspace       used 86089K, committed 86720K, reserved 1179648K
  class space    used 11499K, committed 11776K, reserved 1048576K
}
Event: 28.499 GC heap after
{Heap after GC invocations=31 (full 0):
 garbage-first heap   total 218112K, used 179930K [0x0000000780000000, 0x0000000800000000)
  region size 1024K, 3 young (3072K), 3 survivors (3072K)
 Metaspace       used 86089K, committed 86720K, reserved 1179648K
  class space    used 11499K, committed 11776K, reserved 1048576K
}

