# JRE version: OpenJDK Runtime Environment (21.0.1+12) (build 21.0.1+12-29)
# Java VM: OpenJDK 64-Bit Server VM (21.0.1+12-29, mixed mode, sharing, tiered, compressed oops, compressed class ptrs, g1 gc, bsd-aarch64)
Heap:
 garbage-first heap   total 246784K, used 93441K [0x0000000780000000, 0x0000000800000000)
  region size 1024K, 4 young (4096K), 1 survivors (1024K)
 Metaspace       used 86312K, committed 87040K, reserved 1179648K
  class space    used 11516K, committed 11840K, reserved 1048576K
GC Heap History (20 events):
Event: 22.919 GC heap before
{Heap before GC invocations=19 (full 0):
 garbage-first heap   total 91136K, used 83061K [0x0000000780000000, 0x0000000800000000)
  region size 1024K, 32 young (32768K), 1 survivors (1024K)
 Metaspace       used 83842K, committed 84544K, reserved 1179648K
  class space    used 11339K, committed 11648K, reserved 1048576K
}
Event: 22.919 GC heap after
{Heap after GC invocations=20 (full 0):
 garbage-first heap   total 91136K, used 51404K [0x0000000780000000, 0x0000000800000000)
  region size 1024K, 1 young (1024K), 1 survivors (1024K)
 Metaspace       used 83842K, committed 84544K, reserved 1179648K
  class space    used 11339K, committed 11648K, reserved 1048576K
}
Event: 22.988 GC heap before
{Heap before GC invocations=21 (full 0):
 garbage-first heap   total 97280K, used 80076K [0x0000000780000000, 0x0000000800000000)
  region size 1024K, 32 young (32768K), 1 survivors (1024K)
 Metaspace       used 83861K, committed 84544K, reserved 1179648K
  class space    used 11339K, committed 11648K, reserved 1048576K
}
Event: 22.989 GC heap after
{Heap after GC invocations=22 (full 0):
 garbage-first heap   total 97280K, used 48458K [0x0000000780000000, 0x0000000800000000)
  region size 1024K, 1 young (1024K), 1 survivors (1024K)
 Metaspace       used 83861K, committed 84544K, reserved 1179648K
  class space    used 11339K, committed 11648K, reserved 1048576K
}
Event: 23.068 GC heap before
{Heap before GC invocations=22 (full 0):
 garbage-first heap   total 97280K, used 89418K [0x0000000780000000, 0x0000000800000000)
  region size 1024K, 41 young (41984K), 1 survivors (1024K)
 Metaspace       used 83920K, committed 84608K, reserved 1179648K
  class space    used 11339K, committed 11648K, reserved 1048576K
}
Event: 23.070 GC heap after
{Heap after GC invocations=23 (full 0):
 garbage-first heap   total 97280K, used 47675K [0x0000000780000000, 0x0000000800000000)
  region size 1024K, 1 young (1024K), 1 survivors (1024K)
 Metaspace       used 83920K, committed 84608K, reserved 1179648K
  class space    used 11339K, committed 11648K, reserved 1048576K
}
Event: 23.143 GC heap before
{Heap before GC invocations=23 (full 0):
 garbage-first heap   total 97280K, used 89659K [0x0000000780000000, 0x0000000800000000)
  region size 1024K, 42 young (43008K), 1 survivors (1024K)
 Metaspace       used 83937K, committed 84608K, reserved 1179648K
  class space    used 11339K, committed 11648K, reserved 1048576K
}
Event: 23.144 GC heap after
{Heap after GC invocations=24 (full 0):
 garbage-first heap   total 97280K, used 47883K [0x0000000780000000, 0x0000000800000000)
  region size 1024K, 1 young (1024K), 1 survivors (1024K)
 Metaspace       used 83937K, committed 84608K, reserved 1179648K
  class space    used 11339K, committed 11648K, reserved 1048576K
}
Event: 24.799 GC heap before
{Heap before GC invocations=25 (full 0):
 garbage-first heap   total 115712K, used 114443K [0x0000000780000000, 0x0000000800000000)
  region size 1024K, 26 young (26624K), 1 survivors (1024K)
 Metaspace       used 85806K, committed 86400K, reserved 1179648K
  class space    used 11505K, committed 11776K, reserved 1048576K
}
Event: 24.801 GC heap after
{Heap after GC invocations=26 (full 0):
 garbage-first heap   total 124928K, used 97545K [0x0000000780000000, 0x0000000800000000)
  region size 1024K, 6 young (6144K), 6 survivors (6144K)
 Metaspace       used 85806K, committed 86400K, reserved 1179648K
  class space    used 11505K, committed 11776K, reserved 1048576K
}
Event: 25.913 GC heap before
{Heap before GC invocations=26 (full 0):
 garbage-first heap   total 124928K, used 109833K [0x0000000780000000, 0x0000000800000000)
  region size 1024K, 19 young (19456K), 6 survivors (6144K)
 Metaspace       used 85975K, committed 86592K, reserved 1179648K
  class space    used 11506K, committed 11776K, reserved 1048576K
}
Event: 25.917 GC heap after
{Heap after GC invocations=27 (full 0):
 garbage-first heap   total 124928K, used 62640K [0x0000000780000000, 0x0000000800000000)
  region size 1024K, 3 young (3072K), 3 survivors (3072K)
 Metaspace       used 85975K, committed 86592K, reserved 1179648K
  class space    used 11506K, committed 11776K, reserved 1048576K
}
Event: 27.180 GC heap before
{Heap before GC invocations=27 (full 0):
 garbage-first heap   total 124928K, used 78000K [0x0000000780000000, 0x0000000800000000)
  region size 1024K, 14 young (14336K), 3 survivors (3072K)
 Metaspace       used 86151K, committed 86848K, reserved 1179648K
  class space    used 11509K, committed 11840K, reserved 1048576K
}
Event: 27.181 GC heap after
{Heap after GC invocations=28 (full 0):
 garbage-first heap   total 124928K, used 73261K [0x0000000780000000, 0x0000000800000000)
  region size 1024K, 7 young (7168K), 7 survivors (7168K)
 Metaspace       used 86151K, committed 86848K, reserved 1179648K
  class space    used 11509K, committed 11840K, reserved 1048576K
}
Event: 27.213 GC heap before
{Heap before GC invocations=28 (full 0):
 garbage-first heap   total 124928K, used 79405K [0x0000000780000000, 0x0000000800000000)
  region size 1024K, 8 young (8192K), 7 survivors (7168K)
 Metaspace       used 86151K, committed 86848K, reserved 1179648K
  class space    used 11509K, committed 11840K, reserved 1048576K
}
Event: 27.214 GC heap after
{Heap after GC invocations=29 (full 0):
 garbage-first heap   total 124928K, used 73924K [0x0000000780000000, 0x0000000800000000)
  region size 1024K, 1 young (1024K), 1 survivors (1024K)
 Metaspace       used 86151K, committed 86848K, reserved 1179648K
  class space    used 11509K, committed 11840K, reserved 1048576K
}
Event: 28.035 GC heap before
{Heap before GC invocations=30 (full 0):
 garbage-first heap   total 232448K, used 230596K [0x0000000780000000, 0x0000000800000000)
  region size 1024K, 7 young (7168K), 1 survivors (1024K)
 Metaspace       used 86206K, committed 86848K, reserved 1179648K
  class space    used 11509K, committed 11840K, reserved 1048576K
}
Event: 28.036 GC heap after
{Heap after GC invocations=31 (full 0):
 garbage-first heap   total 233472K, used 218855K [0x0000000780000000, 0x0000000800000000)
  region size 1024K, 1 young (1024K), 1 survivors (1024K)
 Metaspace       used 86206K, committed 86848K, reserved 1179648K
  class space    used 11509K, committed 11840K, reserved 1048576K
}
Event: 28.149 GC heap before
{Heap before GC invocations=31 (full 0):
 garbage-first heap   total 245760K, used 244455K [0x0000000780000000, 0x0000000800000000)
  region size 1024K, 4 young (4096K), 1 survivors (1024K)
 Metaspace       used 86229K, committed 86912K, reserved 1179648K
  class space    used 11509K, committed 11840K, reserved 1048576K
}
Event: 28.149 GC heap after
{Heap after GC invocations=32 (full 0):
 garbage-first heap   total 246784K, used 79105K [0x0000000780000000, 0x0000000800000000)
  region size 1024K, 1 young (1024K), 1 survivors (1024K)
 Metaspace       used 86229K, committed 86912K, reserved 1179648K
  class space    used 11509K, committed 11840K, reserved 1048576K
}

