# JRE version: OpenJDK Runtime Environment (21.0.1+12) (build 21.0.1+12-29)
# Java VM: OpenJDK 64-Bit Server VM (21.0.1+12-29, mixed mode, sharing, tiered, compressed oops, compressed class ptrs, g1 gc, bsd-aarch64)
Heap:
 garbage-first heap   total 108544K, used 100882K [0x0000000780000000, 0x0000000800000000)
  region size 1024K, 36 young (36864K), 1 survivors (1024K)
 Metaspace       used 86425K, committed 87040K, reserved 1179648K
  class space    used 11520K, committed 11840K, reserved 1048576K
GC Heap History (20 events):
Event: 19.835 GC heap before
{Heap before GC invocations=14 (full 0):
 garbage-first heap   total 90112K, used 77282K [0x0000000780000000, 0x0000000800000000)
  region size 1024K, 46 young (47104K), 7 survivors (7168K)
 Metaspace       used 80498K, committed 81152K, reserved 1179648K
  class space    used 11081K, committed 11392K, reserved 1048576K
}
Event: 19.840 GC heap after
{Heap after GC invocations=15 (full 0):
 garbage-first heap   total 90112K, used 40789K [0x0000000780000000, 0x0000000800000000)
  region size 1024K, 4 young (4096K), 4 survivors (4096K)
 Metaspace       used 80498K, committed 81152K, reserved 1179648K
  class space    used 11081K, committed 11392K, reserved 1048576K
}
Event: 20.090 GC heap before
{Heap before GC invocations=15 (full 0):
 garbage-first heap   total 90112K, used 64341K [0x0000000780000000, 0x0000000800000000)
  region size 1024K, 25 young (25600K), 4 survivors (4096K)
 Metaspace       used 83330K, committed 83968K, reserved 1179648K
  class space    used 11336K, committed 11648K, reserved 1048576K
}
Event: 20.092 GC heap after
{Heap after GC invocations=16 (full 0):
 garbage-first heap   total 90112K, used 45360K [0x0000000780000000, 0x0000000800000000)
  region size 1024K, 4 young (4096K), 4 survivors (4096K)
 Metaspace       used 83330K, committed 83968K, reserved 1179648K
  class space    used 11336K, committed 11648K, reserved 1048576K
}
Event: 20.180 GC heap before
{Heap before GC invocations=17 (full 0):
 garbage-first heap   total 94208K, used 91440K [0x0000000780000000, 0x0000000800000000)
  region size 1024K, 36 young (36864K), 4 survivors (4096K)
 Metaspace       used 83331K, committed 83968K, reserved 1179648K
  class space    used 11336K, committed 11648K, reserved 1048576K
}
Event: 20.181 GC heap after
{Heap after GC invocations=18 (full 0):
 garbage-first heap   total 97280K, used 59024K [0x0000000780000000, 0x0000000800000000)
  region size 1024K, 1 young (1024K), 1 survivors (1024K)
 Metaspace       used 83331K, committed 83968K, reserved 1179648K
  class space    used 11336K, committed 11648K, reserved 1048576K
}
Event: 20.439 GC heap before
{Heap before GC invocations=18 (full 0):
 garbage-first heap   total 97280K, used 87696K [0x0000000780000000, 0x0000000800000000)
  region size 1024K, 29 young (29696K), 1 survivors (1024K)
 Metaspace       used 83755K, committed 84416K, reserved 1179648K
  class space    used 11337K, committed 11648K, reserved 1048576K
}
Event: 20.441 GC heap after
{Heap after GC invocations=19 (full 0):
 garbage-first heap   total 97280K, used 52289K [0x0000000780000000, 0x0000000800000000)
  region size 1024K, 1 young (1024K), 1 survivors (1024K)
 Metaspace       used 83755K, committed 84416K, reserved 1179648K
  class space    used 11337K, committed 11648K, reserved 1048576K
}
Event: 20.523 GC heap before
{Heap before GC invocations=19 (full 0):
 garbage-first heap   total 97280K, used 88129K [0x0000000780000000, 0x0000000800000000)
  region size 1024K, 36 young (36864K), 1 survivors (1024K)
 Metaspace       used 83861K, committed 84544K, reserved 1179648K
  class space    used 11338K, committed 11648K, reserved 1048576K
}
Event: 20.524 GC heap after
{Heap after GC invocations=20 (full 0):
 garbage-first heap   total 97280K, used 52399K [0x0000000780000000, 0x0000000800000000)
  region size 1024K, 1 young (1024K), 1 survivors (1024K)
 Metaspace       used 83861K, committed 84544K, reserved 1179648K
  class space    used 11338K, committed 11648K, reserved 1048576K
}
Event: 20.604 GC heap before
{Heap before GC invocations=21 (full 0):
 garbage-first heap   total 97280K, used 86191K [0x0000000780000000, 0x0000000800000000)
  region size 1024K, 37 young (37888K), 1 survivors (1024K)
 Metaspace       used 83878K, committed 84544K, reserved 1179648K
  class space    used 11338K, committed 11648K, reserved 1048576K
}
Event: 20.606 GC heap after
{Heap after GC invocations=22 (full 0):
 garbage-first heap   total 97280K, used 49477K [0x0000000780000000, 0x0000000800000000)
  region size 1024K, 1 young (1024K), 1 survivors (1024K)
 Metaspace       used 83878K, committed 84544K, reserved 1179648K
  class space    used 11338K, committed 11648K, reserved 1048576K
}
Event: 20.682 GC heap before
{Heap before GC invocations=22 (full 0):
 garbage-first heap   total 97280K, used 89413K [0x0000000780000000, 0x0000000800000000)
  region size 1024K, 40 young (40960K), 1 survivors (1024K)
 Metaspace       used 83934K, committed 84544K, reserved 1179648K
  class space    used 11338K, committed 11648K, reserved 1048576K
}
Event: 20.684 GC heap after
{Heap after GC invocations=23 (full 0):
 garbage-first heap   total 97280K, used 48804K [0x0000000780000000, 0x0000000800000000)
  region size 1024K, 1 young (1024K), 1 survivors (1024K)
 Metaspace       used 83934K, committed 84544K, reserved 1179648K
  class space    used 11338K, committed 11648K, reserved 1048576K
}
Event: 20.755 GC heap before
{Heap before GC invocations=23 (full 0):
 garbage-first heap   total 97280K, used 88740K [0x0000000780000000, 0x0000000800000000)
  region size 1024K, 40 young (40960K), 1 survivors (1024K)
 Metaspace       used 83969K, committed 84608K, reserved 1179648K
  class space    used 11338K, committed 11648K, reserved 1048576K
}
Event: 20.756 GC heap after
{Heap after GC invocations=24 (full 0):
 garbage-first heap   total 97280K, used 48996K [0x0000000780000000, 0x0000000800000000)
  region size 1024K, 1 young (1024K), 1 survivors (1024K)
 Metaspace       used 83969K, committed 84608K, reserved 1179648K
  class space    used 11338K, committed 11648K, reserved 1048576K
}
Event: 21.175 GC heap before
{Heap before GC invocations=25 (full 0):
 garbage-first heap   total 97280K, used 95076K [0x0000000780000000, 0x0000000800000000)
  region size 1024K, 14 young (14336K), 1 survivors (1024K)
 Metaspace       used 85511K, committed 86144K, reserved 1179648K
  class space    used 11493K, committed 11776K, reserved 1048576K
}
Event: 21.177 GC heap after
{Heap after GC invocations=26 (full 0):
 garbage-first heap   total 102400K, used 86950K [0x0000000780000000, 0x0000000800000000)
  region size 1024K, 5 young (5120K), 5 survivors (5120K)
 Metaspace       used 85511K, committed 86144K, reserved 1179648K
  class space    used 11493K, committed 11776K, reserved 1048576K
}
Event: 22.110 GC heap before
{Heap before GC invocations=26 (full 0):
 garbage-first heap   total 108544K, used 97190K [0x0000000780000000, 0x0000000800000000)
  region size 1024K, 8 young (8192K), 5 survivors (5120K)
 Metaspace       used 85702K, committed 86272K, reserved 1179648K
  class space    used 11499K, committed 11776K, reserved 1048576K
}
Event: 22.114 GC heap after
{Heap after GC invocations=27 (full 0):
 garbage-first heap   total 108544K, used 65192K [0x0000000780000000, 0x0000000800000000)
  region size 1024K, 1 young (1024K), 1 survivors (1024K)
 Metaspace       used 85702K, committed 86272K, reserved 1179648K
  class space    used 11499K, committed 11776K, reserved 1048576K
}

