# JRE version: OpenJDK Runtime Environment (21.0.1+12) (build 21.0.1+12-29)
# Java VM: OpenJDK 64-Bit Server VM (21.0.1+12-29, mixed mode, sharing, tiered, compressed oops, compressed class ptrs, g1 gc, bsd-aarch64)
Heap:
 garbage-first heap   total 115712K, used 96715K [0x0000000780000000, 0x0000000800000000)
  region size 1024K, 8 young (8192K), 6 survivors (6144K)
 Metaspace       used 85998K, committed 86656K, reserved 1179648K
  class space    used 11515K, committed 11840K, reserved 1048576K
GC Heap History (20 events):
Event: 20.726 GC heap before
{Heap before GC invocations=17 (full 0):
 garbage-first heap   total 79872K, used 76235K [0x0000000780000000, 0x0000000800000000)
  region size 1024K, 26 young (26624K), 3 survivors (3072K)
 Metaspace       used 83253K, committed 83904K, reserved 1179648K
  class space    used 11337K, committed 11648K, reserved 1048576K
}
Event: 20.729 GC heap after
{Heap after GC invocations=18 (full 0):
 garbage-first heap   total 83968K, used 53048K [0x0000000780000000, 0x0000000800000000)
  region size 1024K, 4 young (4096K), 4 survivors (4096K)
 Metaspace       used 83253K, committed 83904K, reserved 1179648K
  class space    used 11337K, committed 11648K, reserved 1048576K
}
Event: 20.773 GC heap before
{Heap before GC invocations=18 (full 0):
 garbage-first heap   total 83968K, used 73528K [0x0000000780000000, 0x0000000800000000)
  region size 1024K, 24 young (24576K), 4 survivors (4096K)
 Metaspace       used 83254K, committed 83904K, reserved 1179648K
  class space    used 11337K, committed 11648K, reserved 1048576K
}
Event: 20.775 GC heap after
{Heap after GC invocations=19 (full 0):
 garbage-first heap   total 83968K, used 51677K [0x0000000780000000, 0x0000000800000000)
  region size 1024K, 1 young (1024K), 1 survivors (1024K)
 Metaspace       used 83254K, committed 83904K, reserved 1179648K
  class space    used 11337K, committed 11648K, reserved 1048576K
}
Event: 20.785 GC heap before
{Heap before GC invocations=19 (full 0):
 garbage-first heap   total 83968K, used 62941K [0x0000000780000000, 0x0000000800000000)
  region size 1024K, 13 young (13312K), 1 survivors (1024K)
 Metaspace       used 83254K, committed 83904K, reserved 1179648K
  class space    used 11337K, committed 11648K, reserved 1048576K
}
Event: 20.786 GC heap after
{Heap after GC invocations=20 (full 0):
 garbage-first heap   total 83968K, used 51645K [0x0000000780000000, 0x0000000800000000)
  region size 1024K, 1 young (1024K), 1 survivors (1024K)
 Metaspace       used 83254K, committed 83904K, reserved 1179648K
  class space    used 11337K, committed 11648K, reserved 1048576K
}
Event: 21.033 GC heap before
{Heap before GC invocations=21 (full 0):
 garbage-first heap   total 101376K, used 81341K [0x0000000780000000, 0x0000000800000000)
  region size 1024K, 24 young (24576K), 1 survivors (1024K)
 Metaspace       used 83709K, committed 84352K, reserved 1179648K
  class space    used 11337K, committed 11648K, reserved 1048576K
}
Event: 21.034 GC heap after
{Heap after GC invocations=22 (full 0):
 garbage-first heap   total 101376K, used 51753K [0x0000000780000000, 0x0000000800000000)
  region size 1024K, 1 young (1024K), 1 survivors (1024K)
 Metaspace       used 83709K, committed 84352K, reserved 1179648K
  class space    used 11337K, committed 11648K, reserved 1048576K
}
Event: 21.136 GC heap before
{Heap before GC invocations=22 (full 0):
 garbage-first heap   total 101376K, used 91689K [0x0000000780000000, 0x0000000800000000)
  region size 1024K, 40 young (40960K), 1 survivors (1024K)
 Metaspace       used 83806K, committed 84416K, reserved 1179648K
  class space    used 11339K, committed 11648K, reserved 1048576K
}
Event: 21.137 GC heap after
{Heap after GC invocations=23 (full 0):
 garbage-first heap   total 101376K, used 51003K [0x0000000780000000, 0x0000000800000000)
  region size 1024K, 1 young (1024K), 1 survivors (1024K)
 Metaspace       used 83806K, committed 84416K, reserved 1179648K
  class space    used 11339K, committed 11648K, reserved 1048576K
}
Event: 21.223 GC heap before
{Heap before GC invocations=23 (full 0):
 garbage-first heap   total 101376K, used 92987K [0x0000000780000000, 0x0000000800000000)
  region size 1024K, 42 young (43008K), 1 survivors (1024K)
 Metaspace       used 83836K, committed 84480K, reserved 1179648K
  class space    used 11339K, committed 11648K, reserved 1048576K
}
Event: 21.224 GC heap after
{Heap after GC invocations=24 (full 0):
 garbage-first heap   total 101376K, used 51188K [0x0000000780000000, 0x0000000800000000)
  region size 1024K, 1 young (1024K), 1 survivors (1024K)
 Metaspace       used 83836K, committed 84480K, reserved 1179648K
  class space    used 11339K, committed 11648K, reserved 1048576K
}
Event: 21.311 GC heap before
{Heap before GC invocations=25 (full 0):
 garbage-first heap   total 101376K, used 90100K [0x0000000780000000, 0x0000000800000000)
  region size 1024K, 42 young (43008K), 1 survivors (1024K)
 Metaspace       used 83896K, committed 84480K, reserved 1179648K
  class space    used 11339K, committed 11648K, reserved 1048576K
}
Event: 21.312 GC heap after
{Heap after GC invocations=26 (full 0):
 garbage-first heap   total 101376K, used 48295K [0x0000000780000000, 0x0000000800000000)
  region size 1024K, 1 young (1024K), 1 survivors (1024K)
 Metaspace       used 83896K, committed 84480K, reserved 1179648K
  class space    used 11339K, committed 11648K, reserved 1048576K
}
Event: 21.611 GC heap before
{Heap before GC invocations=26 (full 0):
 garbage-first heap   total 101376K, used 96423K [0x0000000780000000, 0x0000000800000000)
  region size 1024K, 45 young (46080K), 1 survivors (1024K)
 Metaspace       used 85415K, committed 86016K, reserved 1179648K
  class space    used 11492K, committed 11776K, reserved 1048576K
}
Event: 21.613 GC heap after
{Heap after GC invocations=27 (full 0):
 garbage-first heap   total 103424K, used 54724K [0x0000000780000000, 0x0000000800000000)
  region size 1024K, 4 young (4096K), 4 survivors (4096K)
 Metaspace       used 85415K, committed 86016K, reserved 1179648K
  class space    used 11492K, committed 11776K, reserved 1048576K
}
Event: 21.625 GC heap before
{Heap before GC invocations=27 (full 0):
 garbage-first heap   total 103424K, used 54724K [0x0000000780000000, 0x0000000800000000)
  region size 1024K, 5 young (5120K), 4 survivors (4096K)
 Metaspace       used 85422K, committed 86016K, reserved 1179648K
  class space    used 11492K, committed 11776K, reserved 1048576K
}
Event: 21.627 GC heap after
{Heap after GC invocations=28 (full 0):
 garbage-first heap   total 103424K, used 52499K [0x0000000780000000, 0x0000000800000000)
  region size 1024K, 4 young (4096K), 4 survivors (4096K)
 Metaspace       used 85422K, committed 86016K, reserved 1179648K
  class space    used 11492K, committed 11776K, reserved 1048576K
}
Event: 23.771 GC heap before
{Heap before GC invocations=29 (full 0):
 garbage-first heap   total 106496K, used 103699K [0x0000000780000000, 0x0000000800000000)
  region size 1024K, 19 young (19456K), 4 survivors (4096K)
 Metaspace       used 85876K, committed 86528K, reserved 1179648K
  class space    used 11505K, committed 11776K, reserved 1048576K
}
Event: 23.774 GC heap after
{Heap after GC invocations=30 (full 0):
 garbage-first heap   total 115712K, used 94993K [0x0000000780000000, 0x0000000800000000)
  region size 1024K, 6 young (6144K), 6 survivors (6144K)
 Metaspace       used 85876K, committed 86528K, reserved 1179648K
  class space    used 11505K, committed 11776K, reserved 1048576K
}

