# JRE version: OpenJDK Runtime Environment (21.0.1+12) (build 21.0.1+12-29)
# Java VM: OpenJDK 64-Bit Server VM (21.0.1+12-29, mixed mode, sharing, tiered, compressed oops, compressed class ptrs, g1 gc, bsd-aarch64)
Heap:
 garbage-first heap   total 222208K, used 84529K [0x0000000780000000, 0x0000000800000000)
  region size 1024K, 8 young (8192K), 1 survivors (1024K)
 Metaspace       used 86466K, committed 87104K, reserved 1179648K
  class space    used 11518K, committed 11840K, reserved 1048576K
GC Heap History (20 events):
Event: 24.772 GC heap before
{Heap before GC invocations=21 (full 0):
 garbage-first heap   total 102400K, used 82196K [0x0000000780000000, 0x0000000800000000)
  region size 1024K, 24 young (24576K), 1 survivors (1024K)
 Metaspace       used 83811K, committed 84480K, reserved 1179648K
  class space    used 11335K, committed 11648K, reserved 1048576K
}
Event: 24.773 GC heap after
{Heap after GC invocations=22 (full 0):
 garbage-first heap   total 102400K, used 52608K [0x0000000780000000, 0x0000000800000000)
  region size 1024K, 1 young (1024K), 1 survivors (1024K)
 Metaspace       used 83811K, committed 84480K, reserved 1179648K
  class space    used 11335K, committed 11648K, reserved 1048576K
}
Event: 24.863 GC heap before
{Heap before GC invocations=22 (full 0):
 garbage-first heap   total 102400K, used 92544K [0x0000000780000000, 0x0000000800000000)
  region size 1024K, 40 young (40960K), 1 survivors (1024K)
 Metaspace       used 83925K, committed 84608K, reserved 1179648K
  class space    used 11337K, committed 11648K, reserved 1048576K
}
Event: 24.864 GC heap after
{Heap after GC invocations=23 (full 0):
 garbage-first heap   total 102400K, used 51912K [0x0000000780000000, 0x0000000800000000)
  region size 1024K, 1 young (1024K), 1 survivors (1024K)
 Metaspace       used 83925K, committed 84608K, reserved 1179648K
  class space    used 11337K, committed 11648K, reserved 1048576K
}
Event: 24.946 GC heap before
{Heap before GC invocations=23 (full 0):
 garbage-first heap   total 102400K, used 93896K [0x0000000780000000, 0x0000000800000000)
  region size 1024K, 42 young (43008K), 1 survivors (1024K)
 Metaspace       used 83948K, committed 84608K, reserved 1179648K
  class space    used 11337K, committed 11648K, reserved 1048576K
}
Event: 24.947 GC heap after
{Heap after GC invocations=24 (full 0):
 garbage-first heap   total 102400K, used 52094K [0x0000000780000000, 0x0000000800000000)
  region size 1024K, 1 young (1024K), 1 survivors (1024K)
 Metaspace       used 83948K, committed 84608K, reserved 1179648K
  class space    used 11337K, committed 11648K, reserved 1048576K
}
Event: 25.034 GC heap before
{Heap before GC invocations=25 (full 0):
 garbage-first heap   total 102400K, used 92030K [0x0000000780000000, 0x0000000800000000)
  region size 1024K, 43 young (44032K), 1 survivors (1024K)
 Metaspace       used 84004K, committed 84608K, reserved 1179648K
  class space    used 11337K, committed 11648K, reserved 1048576K
}
Event: 25.036 GC heap after
{Heap after GC invocations=26 (full 0):
 garbage-first heap   total 102400K, used 49212K [0x0000000780000000, 0x0000000800000000)
  region size 1024K, 1 young (1024K), 1 survivors (1024K)
 Metaspace       used 84004K, committed 84608K, reserved 1179648K
  class space    used 11337K, committed 11648K, reserved 1048576K
}
Event: 25.412 GC heap before
{Heap before GC invocations=26 (full 0):
 garbage-first heap   total 109568K, used 107580K [0x0000000780000000, 0x0000000800000000)
  region size 1024K, 45 young (46080K), 1 survivors (1024K)
 Metaspace       used 85559K, committed 86144K, reserved 1179648K
  class space    used 11492K, committed 11776K, reserved 1048576K
}
Event: 25.414 GC heap after
{Heap after GC invocations=27 (full 0):
 garbage-first heap   total 115712K, used 66526K [0x0000000780000000, 0x0000000800000000)
  region size 1024K, 5 young (5120K), 5 survivors (5120K)
 Metaspace       used 85559K, committed 86144K, reserved 1179648K
  class space    used 11492K, committed 11776K, reserved 1048576K
}
Event: 25.419 GC heap before
{Heap before GC invocations=27 (full 0):
 garbage-first heap   total 115712K, used 66526K [0x0000000780000000, 0x0000000800000000)
  region size 1024K, 6 young (6144K), 5 survivors (5120K)
 Metaspace       used 85566K, committed 86208K, reserved 1179648K
  class space    used 11492K, committed 11776K, reserved 1048576K
}
Event: 25.420 GC heap after
{Heap after GC invocations=28 (full 0):
 garbage-first heap   total 115712K, used 55834K [0x0000000780000000, 0x0000000800000000)
  region size 1024K, 1 young (1024K), 1 survivors (1024K)
 Metaspace       used 85566K, committed 86208K, reserved 1179648K
  class space    used 11492K, committed 11776K, reserved 1048576K
}
Event: 29.334 GC heap before
{Heap before GC invocations=29 (full 0):
 garbage-first heap   total 116736K, used 114202K [0x0000000780000000, 0x0000000800000000)
  region size 1024K, 33 young (33792K), 1 survivors (1024K)
 Metaspace       used 86231K, committed 86912K, reserved 1179648K
  class space    used 11506K, committed 11840K, reserved 1048576K
}
Event: 29.337 GC heap after
{Heap after GC invocations=30 (full 0):
 garbage-first heap   total 154624K, used 91817K [0x0000000780000000, 0x0000000800000000)
  region size 1024K, 7 young (7168K), 7 survivors (7168K)
 Metaspace       used 86231K, committed 86912K, reserved 1179648K
  class space    used 11506K, committed 11840K, reserved 1048576K
}
Event: 30.344 GC heap before
{Heap before GC invocations=30 (full 0):
 garbage-first heap   total 286720K, used 286377K [0x0000000780000000, 0x0000000800000000)
  region size 1024K, 16 young (16384K), 7 survivors (7168K)
 Metaspace       used 86344K, committed 87040K, reserved 1179648K
  class space    used 11510K, committed 11840K, reserved 1048576K
}
Event: 30.346 GC heap after
{Heap after GC invocations=31 (full 0):
 garbage-first heap   total 297984K, used 250607K [0x0000000780000000, 0x0000000800000000)
  region size 1024K, 1 young (1024K), 1 survivors (1024K)
 Metaspace       used 86344K, committed 87040K, reserved 1179648K
  class space    used 11510K, committed 11840K, reserved 1048576K
}
Event: 30.346 GC heap before
{Heap before GC invocations=31 (full 0):
 garbage-first heap   total 297984K, used 251631K [0x0000000780000000, 0x0000000800000000)
  region size 1024K, 3 young (3072K), 1 survivors (1024K)
 Metaspace       used 86344K, committed 87040K, reserved 1179648K
  class space    used 11510K, committed 11840K, reserved 1048576K
}
Event: 30.347 GC heap after
{Heap after GC invocations=32 (full 0):
 garbage-first heap   total 297984K, used 66052K [0x0000000780000000, 0x0000000800000000)
  region size 1024K, 2 young (2048K), 2 survivors (2048K)
 Metaspace       used 86344K, committed 87040K, reserved 1179648K
  class space    used 11510K, committed 11840K, reserved 1048576K
}
Event: 30.350 GC heap before
{Heap before GC invocations=32 (full 0):
 garbage-first heap   total 297984K, used 67076K [0x0000000780000000, 0x0000000800000000)
  region size 1024K, 3 young (3072K), 2 survivors (2048K)
 Metaspace       used 86344K, committed 87040K, reserved 1179648K
  class space    used 11510K, committed 11840K, reserved 1048576K
}
Event: 30.351 GC heap after
{Heap after GC invocations=33 (full 0):
 garbage-first heap   total 297984K, used 66448K [0x0000000780000000, 0x0000000800000000)
  region size 1024K, 1 young (1024K), 1 survivors (1024K)
 Metaspace       used 86344K, committed 87040K, reserved 1179648K
  class space    used 11510K, committed 11840K, reserved 1048576K
}

